<?xml version="1.0" encoding="UTF-8"?>
<!-- Generated by org.testng.reporters.JUnitXMLReporter -->
<testsuite ignored="0" hostname="LAPTOP-HO7KUVB5" failures="0" tests="42" name="Test" time="213.714" errors="0" timestamp="2021-06-29T12:48:53 IST">
  <testcase classname="com.bookmyshow.tests.SportsPageTests" name="Test_PriceRange_Is_clicked" time="0.822"/>
  <testcase classname="com.bookmyshow.tests.SportsPageTests" name="Test_Minimum_Is_clicked" time="1.034"/>
  <testcase classname="com.bookmyshow.tests.SportsPageTests" name="Test_Sports_Availabe_Are_Displayed_After_Selecting_MinimumRange" time="10.261"/>
  <testcase classname="com.bookmyshow.tests.SportsPageTests" name="Test_Sports_Available_Are_Displayed" time="10.079"/>
  <testcase classname="com.bookmyshow.tests.SportsPageTests" name="Test_Sports_Is_Clicked" time="0.045"/>
  <testcase classname="com.bookmyshow.tests.SportsPageTests" name="Test_Weekend_Is_clicked" time="0.283"/>
  <testcase classname="com.bookmyshow.tests.SportsPageTests" name="Test_Sports_Availabe_Are_Displayed_After_Selecting_Weekend" time="10.037"/>
  <testcase classname="com.bookmyshow.tests.SigninWindowTests" name="Test_Invalid_UserName" time="0.003"/>
  <testcase classname="com.bookmyshow.tests.SigninWindowTests" name="Test_Invalid_UserName" time="7.584"/>
  <testcase classname="com.bookmyshow.tests.SigninWindowTests" name="Test_Invalid_UserName" time="0.002"/>
  <testcase classname="com.bookmyshow.tests.SigninWindowTests" name="Test_Invalid_UserName" time="0.002"/>
  <testcase classname="com.bookmyshow.tests.SigninWindowTests" name="Test_Invalid_UserName" time="0.001"/>
  <testcase classname="com.bookmyshow.tests.SigninWindowTests" name="Test_Invalid_Password" time="0.001"/>
  <testcase classname="com.bookmyshow.tests.SigninWindowTests" name="Test_Invalid_Password" time="0.004"/>
  <testcase classname="com.bookmyshow.tests.SigninWindowTests" name="Test_Invalid_Password" time="8.287"/>
  <testcase classname="com.bookmyshow.tests.SigninWindowTests" name="Test_Invalid_Password" time="0.013"/>
  <testcase classname="com.bookmyshow.tests.SigninWindowTests" name="Test_Invalid_Password" time="0.001"/>
  <testcase classname="com.bookmyshow.tests.SigninWindowTests" name="Test_Blank_UserName" time="0.001"/>
  <testcase classname="com.bookmyshow.tests.SigninWindowTests" name="Test_Blank_UserName" time="0.002"/>
  <testcase classname="com.bookmyshow.tests.SigninWindowTests" name="Test_Blank_UserName" time="0.001"/>
  <testcase classname="com.bookmyshow.tests.SigninWindowTests" name="Test_Blank_UserName" time="4.074"/>
  <testcase classname="com.bookmyshow.tests.SigninWindowTests" name="Test_Blank_UserName" time="0.008"/>
  <testcase classname="com.bookmyshow.tests.SigninWindowTests" name="Test_Blank_Password" time="0.003"/>
  <testcase classname="com.bookmyshow.tests.SigninWindowTests" name="Test_Blank_Password" time="0.001"/>
  <testcase classname="com.bookmyshow.tests.SigninWindowTests" name="Test_Blank_Password" time="0.002"/>
  <testcase classname="com.bookmyshow.tests.SigninWindowTests" name="Test_Blank_Password" time="0.0"/>
  <testcase classname="com.bookmyshow.tests.SigninWindowTests" name="Test_Blank_Password" time="8.0"/>
  <testcase classname="com.bookmyshow.tests.SigninWindowTests" name="Test_Signing_In_Appears_Correctly" time="7.052"/>
  <testcase classname="com.bookmyshow.tests.SigninWindowTests" name="Test_Signing_In_Appears_Correctly" time="0.002"/>
  <testcase classname="com.bookmyshow.tests.SigninWindowTests" name="Test_Signing_In_Appears_Correctly" time="0.001"/>
  <testcase classname="com.bookmyshow.tests.SigninWindowTests" name="Test_Signing_In_Appears_Correctly" time="0.003"/>
  <testcase classname="com.bookmyshow.tests.SigninWindowTests" name="Test_Signing_In_Appears_Correctly" time="0.001"/>
  <testcase classname="com.bookmyshow.tests.HomePageTests" name="Test_Browser_And_URL_Invoked_Correctly" time="0.044"/>
  <testcase classname="com.bookmyshow.tests.HomePageTests" name="Test_MainPage_Title_Matches_Correctly" time="0.134"/>
  <testcase classname="com.bookmyshow.tests.HomePageTests" name="Test_Popup_Is_Ignored" time="1.305"/>
  <testcase classname="com.bookmyshow.tests.HomePageTests" name="Test_City_Is_Selected_Correctly" time="0.747"/>
  <testcase classname="com.bookmyshow.tests.HomePageTests" name="Test_Signin_Button_Is_clicked" time="2.827"/>
  <testcase classname="com.bookmyshow.tests.HomePageTests" name="Test_Continue_Via_Google_Button_Is_Clicked" time="1.025"/>
  <testcase classname="com.bookmyshow.tests.MoviesPageTests" name="Test_Languages_Are_Displayed" time="0.021"/>
  <testcase classname="com.bookmyshow.tests.MoviesPageTests" name="Test_Languages_Are_Extracted_And_Stored_In_List" time="1.002"/>
  <testcase classname="com.bookmyshow.tests.MoviesPageTests" name="Test_Movies_Are_Displayed" time="0.064"/>
  <testcase classname="com.bookmyshow.tests.MoviesPageTests" name="Test_Window_Navigates_To_Movie_Page" time="0.015"/>
</testsuite> <!-- Test -->
