<?xml version="1.0" encoding="UTF-8"?>
<!-- Generated by org.testng.reporters.JUnitXMLReporter -->
<testsuite ignored="0" hostname="LAPTOP-HO7KUVB5" failures="0" tests="5" name="Default test" time="33.644" errors="0" timestamp="2021-06-29T23:49:29 IST">
  <testcase classname="com.bookmyshow.tests.SigninWindowTests" name="Test_Invalid_UserName" time="2.783"/>
  <testcase classname="com.bookmyshow.tests.SigninWindowTests" name="Test_Invalid_Password" time="4.001"/>
  <testcase classname="com.bookmyshow.tests.SigninWindowTests" name="Test_Blank_UserName" time="2.229"/>
  <testcase classname="com.bookmyshow.tests.SigninWindowTests" name="Test_Blank_Password" time="3.802"/>
  <testcase classname="com.bookmyshow.tests.SigninWindowTests" name="Test_Signing_In_Appears_Correctly" time="3.795"/>
</testsuite> <!-- Default test -->
