<?xml version="1.0" encoding="UTF-8"?>
<testng-results ignored="0" total="42" passed="42" failed="0" skipped="0">
  <reporter-output>
  </reporter-output>
  <suite started-at="2021-06-29T12:45:18 IST" name="Suite" finished-at="2021-06-29T12:48:52 IST" duration-ms="213714">
    <groups>
      <group name="Regression">
        <method signature="HomePageTests.Test_MainPage_Title_Matches_Correctly()[pri:0, instance:com.bookmyshow.tests.HomePageTests@21e360a]" name="Test_MainPage_Title_Matches_Correctly" class="com.bookmyshow.tests.HomePageTests"/>
        <method signature="MoviesPageTests.Test_Languages_Are_Displayed()[pri:0, instance:com.bookmyshow.tests.MoviesPageTests@5ba3f27a]" name="Test_Languages_Are_Displayed" class="com.bookmyshow.tests.MoviesPageTests"/>
        <method signature="MoviesPageTests.Test_Movies_Are_Displayed()[pri:0, instance:com.bookmyshow.tests.MoviesPageTests@5ba3f27a]" name="Test_Movies_Are_Displayed" class="com.bookmyshow.tests.MoviesPageTests"/>
        <method signature="SportsPageTests.Test_Sports_Availabe_Are_Displayed_After_Selecting_MinimumRange()[pri:0, instance:com.bookmyshow.tests.SportsPageTests@18d87d80]" name="Test_Sports_Availabe_Are_Displayed_After_Selecting_MinimumRange" class="com.bookmyshow.tests.SportsPageTests"/>
        <method signature="SportsPageTests.Test_Sports_Available_Are_Displayed()[pri:0, instance:com.bookmyshow.tests.SportsPageTests@18d87d80]" name="Test_Sports_Available_Are_Displayed" class="com.bookmyshow.tests.SportsPageTests"/>
        <method signature="SportsPageTests.Test_Sports_Availabe_Are_Displayed_After_Selecting_Weekend()[pri:0, instance:com.bookmyshow.tests.SportsPageTests@18d87d80]" name="Test_Sports_Availabe_Are_Displayed_After_Selecting_Weekend" class="com.bookmyshow.tests.SportsPageTests"/>
      </group> <!-- Regression -->
      <group name="Smoke">
        <method signature="HomePageTests.Test_Browser_And_URL_Invoked_Correctly()[pri:0, instance:com.bookmyshow.tests.HomePageTests@21e360a]" name="Test_Browser_And_URL_Invoked_Correctly" class="com.bookmyshow.tests.HomePageTests"/>
        <method signature="HomePageTests.Test_Popup_Is_Ignored()[pri:0, instance:com.bookmyshow.tests.HomePageTests@21e360a]" name="Test_Popup_Is_Ignored" class="com.bookmyshow.tests.HomePageTests"/>
        <method signature="HomePageTests.Test_City_Is_Selected_Correctly()[pri:0, instance:com.bookmyshow.tests.HomePageTests@21e360a]" name="Test_City_Is_Selected_Correctly" class="com.bookmyshow.tests.HomePageTests"/>
        <method signature="HomePageTests.Test_Signin_Button_Is_clicked()[pri:0, instance:com.bookmyshow.tests.HomePageTests@21e360a]" name="Test_Signin_Button_Is_clicked" class="com.bookmyshow.tests.HomePageTests"/>
        <method signature="HomePageTests.Test_Continue_Via_Google_Button_Is_Clicked()[pri:0, instance:com.bookmyshow.tests.HomePageTests@21e360a]" name="Test_Continue_Via_Google_Button_Is_Clicked" class="com.bookmyshow.tests.HomePageTests"/>
        <method signature="MoviesPageTests.Test_Languages_Are_Extracted_And_Stored_In_List()[pri:0, instance:com.bookmyshow.tests.MoviesPageTests@5ba3f27a]" name="Test_Languages_Are_Extracted_And_Stored_In_List" class="com.bookmyshow.tests.MoviesPageTests"/>
        <method signature="MoviesPageTests.Test_Window_Navigates_To_Movie_Page()[pri:0, instance:com.bookmyshow.tests.MoviesPageTests@5ba3f27a]" name="Test_Window_Navigates_To_Movie_Page" class="com.bookmyshow.tests.MoviesPageTests"/>
        <method signature="SigninWindowTests.Test_Blank_Password(java.lang.String,java.lang.String,java.lang.String)[pri:3, instance:com.bookmyshow.tests.SigninWindowTests@7bd4937b]" name="Test_Blank_Password" class="com.bookmyshow.tests.SigninWindowTests"/>
        <method signature="SigninWindowTests.Test_Blank_UserName(java.lang.String,java.lang.String,java.lang.String)[pri:2, instance:com.bookmyshow.tests.SigninWindowTests@7bd4937b]" name="Test_Blank_UserName" class="com.bookmyshow.tests.SigninWindowTests"/>
        <method signature="SigninWindowTests.Test_Invalid_Password(java.lang.String,java.lang.String,java.lang.String)[pri:1, instance:com.bookmyshow.tests.SigninWindowTests@7bd4937b]" name="Test_Invalid_Password" class="com.bookmyshow.tests.SigninWindowTests"/>
        <method signature="SigninWindowTests.Test_Invalid_UserName(java.lang.String,java.lang.String,java.lang.String)[pri:0, instance:com.bookmyshow.tests.SigninWindowTests@7bd4937b]" name="Test_Invalid_UserName" class="com.bookmyshow.tests.SigninWindowTests"/>
        <method signature="SigninWindowTests.Test_Signing_In_Appears_Correctly(java.lang.String,java.lang.String,java.lang.String)[pri:4, instance:com.bookmyshow.tests.SigninWindowTests@7bd4937b]" name="Test_Signing_In_Appears_Correctly" class="com.bookmyshow.tests.SigninWindowTests"/>
        <method signature="SportsPageTests.Test_PriceRange_Is_clicked()[pri:0, instance:com.bookmyshow.tests.SportsPageTests@18d87d80]" name="Test_PriceRange_Is_clicked" class="com.bookmyshow.tests.SportsPageTests"/>
        <method signature="SportsPageTests.Test_Minimum_Is_clicked()[pri:0, instance:com.bookmyshow.tests.SportsPageTests@18d87d80]" name="Test_Minimum_Is_clicked" class="com.bookmyshow.tests.SportsPageTests"/>
        <method signature="SportsPageTests.Test_Sports_Is_Clicked()[pri:0, instance:com.bookmyshow.tests.SportsPageTests@18d87d80]" name="Test_Sports_Is_Clicked" class="com.bookmyshow.tests.SportsPageTests"/>
        <method signature="SportsPageTests.Test_Weekend_Is_clicked()[pri:0, instance:com.bookmyshow.tests.SportsPageTests@18d87d80]" name="Test_Weekend_Is_clicked" class="com.bookmyshow.tests.SportsPageTests"/>
      </group> <!-- Smoke -->
    </groups>
    <test started-at="2021-06-29T12:45:18 IST" name="Test" finished-at="2021-06-29T12:48:52 IST" duration-ms="213714">
      <class name="com.bookmyshow.tests.SigninWindowTests">
        <test-method is-config="true" signature="setup()[pri:0, instance:com.bookmyshow.tests.SigninWindowTests@7bd4937b]" started-at="2021-06-29T12:45:48 IST" name="setup" finished-at="2021-06-29T12:46:04 IST" duration-ms="16895" status="PASS">
          <reporter-output>
          </reporter-output>
        </test-method> <!-- setup -->
        <test-method signature="Test_Invalid_UserName(java.lang.String,java.lang.String,java.lang.String)[pri:0, instance:com.bookmyshow.tests.SigninWindowTests@7bd4937b]" started-at="2021-06-29T12:47:19 IST" name="Test_Invalid_UserName" data-provider="Authentication" finished-at="2021-06-29T12:47:19 IST" duration-ms="3" status="PASS">
          <params>
            <param index="0">
              <value>
                <![CDATA[Test_Signing_In_Appears_Correctly]]>
              </value>
            </param>
            <param index="1">
              <value>
                <![CDATA[hackTestCog@gmail.com]]>
              </value>
            </param>
            <param index="2">
              <value>
                <![CDATA[test8765!]]>
              </value>
            </param>
          </params>
          <reporter-output>
          </reporter-output>
        </test-method> <!-- Test_Invalid_UserName -->
        <test-method signature="Test_Invalid_UserName(java.lang.String,java.lang.String,java.lang.String)[pri:0, instance:com.bookmyshow.tests.SigninWindowTests@7bd4937b]" started-at="2021-06-29T12:47:21 IST" name="Test_Invalid_UserName" data-provider="Authentication" finished-at="2021-06-29T12:47:29 IST" duration-ms="7584" status="PASS">
          <params>
            <param index="0">
              <value>
                <![CDATA[Test_Invalid_UserName]]>
              </value>
            </param>
            <param index="1">
              <value>
                <![CDATA[abc@123]]>
              </value>
            </param>
            <param index="2">
              <value>
                <![CDATA[hi]]>
              </value>
            </param>
          </params>
          <reporter-output>
          </reporter-output>
        </test-method> <!-- Test_Invalid_UserName -->
        <test-method signature="Test_Invalid_UserName(java.lang.String,java.lang.String,java.lang.String)[pri:0, instance:com.bookmyshow.tests.SigninWindowTests@7bd4937b]" started-at="2021-06-29T12:47:30 IST" name="Test_Invalid_UserName" data-provider="Authentication" finished-at="2021-06-29T12:47:30 IST" duration-ms="2" status="PASS">
          <params>
            <param index="0">
              <value>
                <![CDATA[Test_Invalid_Password]]>
              </value>
            </param>
            <param index="1">
              <value>
                <![CDATA[hackTestCog@gmail.com]]>
              </value>
            </param>
            <param index="2">
              <value>
                <![CDATA[hi]]>
              </value>
            </param>
          </params>
          <reporter-output>
          </reporter-output>
        </test-method> <!-- Test_Invalid_UserName -->
        <test-method signature="Test_Invalid_UserName(java.lang.String,java.lang.String,java.lang.String)[pri:0, instance:com.bookmyshow.tests.SigninWindowTests@7bd4937b]" started-at="2021-06-29T12:47:31 IST" name="Test_Invalid_UserName" data-provider="Authentication" finished-at="2021-06-29T12:47:31 IST" duration-ms="2" status="PASS">
          <params>
            <param index="0">
              <value>
                <![CDATA[Test_Blank_UserName]]>
              </value>
            </param>
            <param index="1">
              <value>
                <![CDATA[]]>
              </value>
            </param>
            <param index="2">
              <value>
                <![CDATA[hi]]>
              </value>
            </param>
          </params>
          <reporter-output>
          </reporter-output>
        </test-method> <!-- Test_Invalid_UserName -->
        <test-method signature="Test_Invalid_UserName(java.lang.String,java.lang.String,java.lang.String)[pri:0, instance:com.bookmyshow.tests.SigninWindowTests@7bd4937b]" started-at="2021-06-29T12:47:32 IST" name="Test_Invalid_UserName" data-provider="Authentication" finished-at="2021-06-29T12:47:32 IST" duration-ms="1" status="PASS">
          <params>
            <param index="0">
              <value>
                <![CDATA[Test_Blank_Password]]>
              </value>
            </param>
            <param index="1">
              <value>
                <![CDATA[hackTestCog@gmail.com]]>
              </value>
            </param>
            <param index="2">
              <value>
                <![CDATA[]]>
              </value>
            </param>
          </params>
          <reporter-output>
          </reporter-output>
        </test-method> <!-- Test_Invalid_UserName -->
        <test-method signature="Test_Invalid_Password(java.lang.String,java.lang.String,java.lang.String)[pri:1, instance:com.bookmyshow.tests.SigninWindowTests@7bd4937b]" started-at="2021-06-29T12:47:33 IST" name="Test_Invalid_Password" data-provider="Authentication" finished-at="2021-06-29T12:47:33 IST" duration-ms="1" status="PASS">
          <params>
            <param index="0">
              <value>
                <![CDATA[Test_Signing_In_Appears_Correctly]]>
              </value>
            </param>
            <param index="1">
              <value>
                <![CDATA[hackTestCog@gmail.com]]>
              </value>
            </param>
            <param index="2">
              <value>
                <![CDATA[test8765!]]>
              </value>
            </param>
          </params>
          <reporter-output>
          </reporter-output>
        </test-method> <!-- Test_Invalid_Password -->
        <test-method signature="Test_Invalid_Password(java.lang.String,java.lang.String,java.lang.String)[pri:1, instance:com.bookmyshow.tests.SigninWindowTests@7bd4937b]" started-at="2021-06-29T12:47:34 IST" name="Test_Invalid_Password" data-provider="Authentication" finished-at="2021-06-29T12:47:34 IST" duration-ms="4" status="PASS">
          <params>
            <param index="0">
              <value>
                <![CDATA[Test_Invalid_UserName]]>
              </value>
            </param>
            <param index="1">
              <value>
                <![CDATA[abc@123]]>
              </value>
            </param>
            <param index="2">
              <value>
                <![CDATA[hi]]>
              </value>
            </param>
          </params>
          <reporter-output>
          </reporter-output>
        </test-method> <!-- Test_Invalid_Password -->
        <test-method signature="Test_Invalid_Password(java.lang.String,java.lang.String,java.lang.String)[pri:1, instance:com.bookmyshow.tests.SigninWindowTests@7bd4937b]" started-at="2021-06-29T12:47:35 IST" name="Test_Invalid_Password" data-provider="Authentication" finished-at="2021-06-29T12:47:43 IST" duration-ms="8287" status="PASS">
          <params>
            <param index="0">
              <value>
                <![CDATA[Test_Invalid_Password]]>
              </value>
            </param>
            <param index="1">
              <value>
                <![CDATA[hackTestCog@gmail.com]]>
              </value>
            </param>
            <param index="2">
              <value>
                <![CDATA[hi]]>
              </value>
            </param>
          </params>
          <reporter-output>
          </reporter-output>
        </test-method> <!-- Test_Invalid_Password -->
        <test-method signature="Test_Invalid_Password(java.lang.String,java.lang.String,java.lang.String)[pri:1, instance:com.bookmyshow.tests.SigninWindowTests@7bd4937b]" started-at="2021-06-29T12:47:44 IST" name="Test_Invalid_Password" data-provider="Authentication" finished-at="2021-06-29T12:47:44 IST" duration-ms="13" status="PASS">
          <params>
            <param index="0">
              <value>
                <![CDATA[Test_Blank_UserName]]>
              </value>
            </param>
            <param index="1">
              <value>
                <![CDATA[]]>
              </value>
            </param>
            <param index="2">
              <value>
                <![CDATA[hi]]>
              </value>
            </param>
          </params>
          <reporter-output>
          </reporter-output>
        </test-method> <!-- Test_Invalid_Password -->
        <test-method signature="Test_Invalid_Password(java.lang.String,java.lang.String,java.lang.String)[pri:1, instance:com.bookmyshow.tests.SigninWindowTests@7bd4937b]" started-at="2021-06-29T12:47:46 IST" name="Test_Invalid_Password" data-provider="Authentication" finished-at="2021-06-29T12:47:46 IST" duration-ms="1" status="PASS">
          <params>
            <param index="0">
              <value>
                <![CDATA[Test_Blank_Password]]>
              </value>
            </param>
            <param index="1">
              <value>
                <![CDATA[hackTestCog@gmail.com]]>
              </value>
            </param>
            <param index="2">
              <value>
                <![CDATA[]]>
              </value>
            </param>
          </params>
          <reporter-output>
          </reporter-output>
        </test-method> <!-- Test_Invalid_Password -->
        <test-method signature="Test_Blank_UserName(java.lang.String,java.lang.String,java.lang.String)[pri:2, instance:com.bookmyshow.tests.SigninWindowTests@7bd4937b]" started-at="2021-06-29T12:47:47 IST" name="Test_Blank_UserName" data-provider="Authentication" finished-at="2021-06-29T12:47:47 IST" duration-ms="1" status="PASS">
          <params>
            <param index="0">
              <value>
                <![CDATA[Test_Signing_In_Appears_Correctly]]>
              </value>
            </param>
            <param index="1">
              <value>
                <![CDATA[hackTestCog@gmail.com]]>
              </value>
            </param>
            <param index="2">
              <value>
                <![CDATA[test8765!]]>
              </value>
            </param>
          </params>
          <reporter-output>
          </reporter-output>
        </test-method> <!-- Test_Blank_UserName -->
        <test-method signature="Test_Blank_UserName(java.lang.String,java.lang.String,java.lang.String)[pri:2, instance:com.bookmyshow.tests.SigninWindowTests@7bd4937b]" started-at="2021-06-29T12:47:48 IST" name="Test_Blank_UserName" data-provider="Authentication" finished-at="2021-06-29T12:47:48 IST" duration-ms="2" status="PASS">
          <params>
            <param index="0">
              <value>
                <![CDATA[Test_Invalid_UserName]]>
              </value>
            </param>
            <param index="1">
              <value>
                <![CDATA[abc@123]]>
              </value>
            </param>
            <param index="2">
              <value>
                <![CDATA[hi]]>
              </value>
            </param>
          </params>
          <reporter-output>
          </reporter-output>
        </test-method> <!-- Test_Blank_UserName -->
        <test-method signature="Test_Blank_UserName(java.lang.String,java.lang.String,java.lang.String)[pri:2, instance:com.bookmyshow.tests.SigninWindowTests@7bd4937b]" started-at="2021-06-29T12:47:49 IST" name="Test_Blank_UserName" data-provider="Authentication" finished-at="2021-06-29T12:47:49 IST" duration-ms="1" status="PASS">
          <params>
            <param index="0">
              <value>
                <![CDATA[Test_Invalid_Password]]>
              </value>
            </param>
            <param index="1">
              <value>
                <![CDATA[hackTestCog@gmail.com]]>
              </value>
            </param>
            <param index="2">
              <value>
                <![CDATA[hi]]>
              </value>
            </param>
          </params>
          <reporter-output>
          </reporter-output>
        </test-method> <!-- Test_Blank_UserName -->
        <test-method signature="Test_Blank_UserName(java.lang.String,java.lang.String,java.lang.String)[pri:2, instance:com.bookmyshow.tests.SigninWindowTests@7bd4937b]" started-at="2021-06-29T12:47:50 IST" name="Test_Blank_UserName" data-provider="Authentication" finished-at="2021-06-29T12:47:54 IST" duration-ms="4074" status="PASS">
          <params>
            <param index="0">
              <value>
                <![CDATA[Test_Blank_UserName]]>
              </value>
            </param>
            <param index="1">
              <value>
                <![CDATA[]]>
              </value>
            </param>
            <param index="2">
              <value>
                <![CDATA[hi]]>
              </value>
            </param>
          </params>
          <reporter-output>
          </reporter-output>
        </test-method> <!-- Test_Blank_UserName -->
        <test-method signature="Test_Blank_UserName(java.lang.String,java.lang.String,java.lang.String)[pri:2, instance:com.bookmyshow.tests.SigninWindowTests@7bd4937b]" started-at="2021-06-29T12:47:55 IST" name="Test_Blank_UserName" data-provider="Authentication" finished-at="2021-06-29T12:47:55 IST" duration-ms="8" status="PASS">
          <params>
            <param index="0">
              <value>
                <![CDATA[Test_Blank_Password]]>
              </value>
            </param>
            <param index="1">
              <value>
                <![CDATA[hackTestCog@gmail.com]]>
              </value>
            </param>
            <param index="2">
              <value>
                <![CDATA[]]>
              </value>
            </param>
          </params>
          <reporter-output>
          </reporter-output>
        </test-method> <!-- Test_Blank_UserName -->
        <test-method signature="Test_Blank_Password(java.lang.String,java.lang.String,java.lang.String)[pri:3, instance:com.bookmyshow.tests.SigninWindowTests@7bd4937b]" started-at="2021-06-29T12:47:57 IST" name="Test_Blank_Password" data-provider="Authentication" finished-at="2021-06-29T12:47:57 IST" duration-ms="3" status="PASS">
          <params>
            <param index="0">
              <value>
                <![CDATA[Test_Signing_In_Appears_Correctly]]>
              </value>
            </param>
            <param index="1">
              <value>
                <![CDATA[hackTestCog@gmail.com]]>
              </value>
            </param>
            <param index="2">
              <value>
                <![CDATA[test8765!]]>
              </value>
            </param>
          </params>
          <reporter-output>
          </reporter-output>
        </test-method> <!-- Test_Blank_Password -->
        <test-method signature="Test_Blank_Password(java.lang.String,java.lang.String,java.lang.String)[pri:3, instance:com.bookmyshow.tests.SigninWindowTests@7bd4937b]" started-at="2021-06-29T12:47:57 IST" name="Test_Blank_Password" data-provider="Authentication" finished-at="2021-06-29T12:47:57 IST" duration-ms="1" status="PASS">
          <params>
            <param index="0">
              <value>
                <![CDATA[Test_Invalid_UserName]]>
              </value>
            </param>
            <param index="1">
              <value>
                <![CDATA[abc@123]]>
              </value>
            </param>
            <param index="2">
              <value>
                <![CDATA[hi]]>
              </value>
            </param>
          </params>
          <reporter-output>
          </reporter-output>
        </test-method> <!-- Test_Blank_Password -->
        <test-method signature="Test_Blank_Password(java.lang.String,java.lang.String,java.lang.String)[pri:3, instance:com.bookmyshow.tests.SigninWindowTests@7bd4937b]" started-at="2021-06-29T12:47:58 IST" name="Test_Blank_Password" data-provider="Authentication" finished-at="2021-06-29T12:47:58 IST" duration-ms="2" status="PASS">
          <params>
            <param index="0">
              <value>
                <![CDATA[Test_Invalid_Password]]>
              </value>
            </param>
            <param index="1">
              <value>
                <![CDATA[hackTestCog@gmail.com]]>
              </value>
            </param>
            <param index="2">
              <value>
                <![CDATA[hi]]>
              </value>
            </param>
          </params>
          <reporter-output>
          </reporter-output>
        </test-method> <!-- Test_Blank_Password -->
        <test-method signature="Test_Blank_Password(java.lang.String,java.lang.String,java.lang.String)[pri:3, instance:com.bookmyshow.tests.SigninWindowTests@7bd4937b]" started-at="2021-06-29T12:47:58 IST" name="Test_Blank_Password" data-provider="Authentication" finished-at="2021-06-29T12:47:58 IST" duration-ms="0" status="PASS">
          <params>
            <param index="0">
              <value>
                <![CDATA[Test_Blank_UserName]]>
              </value>
            </param>
            <param index="1">
              <value>
                <![CDATA[]]>
              </value>
            </param>
            <param index="2">
              <value>
                <![CDATA[hi]]>
              </value>
            </param>
          </params>
          <reporter-output>
          </reporter-output>
        </test-method> <!-- Test_Blank_Password -->
        <test-method signature="Test_Blank_Password(java.lang.String,java.lang.String,java.lang.String)[pri:3, instance:com.bookmyshow.tests.SigninWindowTests@7bd4937b]" started-at="2021-06-29T12:47:59 IST" name="Test_Blank_Password" data-provider="Authentication" finished-at="2021-06-29T12:48:07 IST" duration-ms="8000" status="PASS">
          <params>
            <param index="0">
              <value>
                <![CDATA[Test_Blank_Password]]>
              </value>
            </param>
            <param index="1">
              <value>
                <![CDATA[hackTestCog@gmail.com]]>
              </value>
            </param>
            <param index="2">
              <value>
                <![CDATA[]]>
              </value>
            </param>
          </params>
          <reporter-output>
          </reporter-output>
        </test-method> <!-- Test_Blank_Password -->
        <test-method signature="Test_Signing_In_Appears_Correctly(java.lang.String,java.lang.String,java.lang.String)[pri:4, instance:com.bookmyshow.tests.SigninWindowTests@7bd4937b]" started-at="2021-06-29T12:48:08 IST" name="Test_Signing_In_Appears_Correctly" data-provider="Authentication" finished-at="2021-06-29T12:48:15 IST" duration-ms="7052" status="PASS">
          <params>
            <param index="0">
              <value>
                <![CDATA[Test_Signing_In_Appears_Correctly]]>
              </value>
            </param>
            <param index="1">
              <value>
                <![CDATA[hackTestCog@gmail.com]]>
              </value>
            </param>
            <param index="2">
              <value>
                <![CDATA[test8765!]]>
              </value>
            </param>
          </params>
          <reporter-output>
          </reporter-output>
        </test-method> <!-- Test_Signing_In_Appears_Correctly -->
        <test-method signature="Test_Signing_In_Appears_Correctly(java.lang.String,java.lang.String,java.lang.String)[pri:4, instance:com.bookmyshow.tests.SigninWindowTests@7bd4937b]" started-at="2021-06-29T12:48:17 IST" name="Test_Signing_In_Appears_Correctly" data-provider="Authentication" finished-at="2021-06-29T12:48:17 IST" duration-ms="2" status="PASS">
          <params>
            <param index="0">
              <value>
                <![CDATA[Test_Invalid_UserName]]>
              </value>
            </param>
            <param index="1">
              <value>
                <![CDATA[abc@123]]>
              </value>
            </param>
            <param index="2">
              <value>
                <![CDATA[hi]]>
              </value>
            </param>
          </params>
          <reporter-output>
          </reporter-output>
        </test-method> <!-- Test_Signing_In_Appears_Correctly -->
        <test-method signature="Test_Signing_In_Appears_Correctly(java.lang.String,java.lang.String,java.lang.String)[pri:4, instance:com.bookmyshow.tests.SigninWindowTests@7bd4937b]" started-at="2021-06-29T12:48:19 IST" name="Test_Signing_In_Appears_Correctly" data-provider="Authentication" finished-at="2021-06-29T12:48:19 IST" duration-ms="1" status="PASS">
          <params>
            <param index="0">
              <value>
                <![CDATA[Test_Invalid_Password]]>
              </value>
            </param>
            <param index="1">
              <value>
                <![CDATA[hackTestCog@gmail.com]]>
              </value>
            </param>
            <param index="2">
              <value>
                <![CDATA[hi]]>
              </value>
            </param>
          </params>
          <reporter-output>
          </reporter-output>
        </test-method> <!-- Test_Signing_In_Appears_Correctly -->
        <test-method signature="Test_Signing_In_Appears_Correctly(java.lang.String,java.lang.String,java.lang.String)[pri:4, instance:com.bookmyshow.tests.SigninWindowTests@7bd4937b]" started-at="2021-06-29T12:48:20 IST" name="Test_Signing_In_Appears_Correctly" data-provider="Authentication" finished-at="2021-06-29T12:48:20 IST" duration-ms="3" status="PASS">
          <params>
            <param index="0">
              <value>
                <![CDATA[Test_Blank_UserName]]>
              </value>
            </param>
            <param index="1">
              <value>
                <![CDATA[]]>
              </value>
            </param>
            <param index="2">
              <value>
                <![CDATA[hi]]>
              </value>
            </param>
          </params>
          <reporter-output>
          </reporter-output>
        </test-method> <!-- Test_Signing_In_Appears_Correctly -->
        <test-method signature="Test_Signing_In_Appears_Correctly(java.lang.String,java.lang.String,java.lang.String)[pri:4, instance:com.bookmyshow.tests.SigninWindowTests@7bd4937b]" started-at="2021-06-29T12:48:22 IST" name="Test_Signing_In_Appears_Correctly" data-provider="Authentication" finished-at="2021-06-29T12:48:22 IST" duration-ms="1" status="PASS">
          <params>
            <param index="0">
              <value>
                <![CDATA[Test_Blank_Password]]>
              </value>
            </param>
            <param index="1">
              <value>
                <![CDATA[hackTestCog@gmail.com]]>
              </value>
            </param>
            <param index="2">
              <value>
                <![CDATA[]]>
              </value>
            </param>
          </params>
          <reporter-output>
          </reporter-output>
        </test-method> <!-- Test_Signing_In_Appears_Correctly -->
        <test-method is-config="true" signature="close()[pri:0, instance:com.bookmyshow.tests.SigninWindowTests@7bd4937b]" started-at="2021-06-29T12:48:50 IST" name="close" finished-at="2021-06-29T12:48:51 IST" duration-ms="1091" status="PASS">
          <reporter-output>
          </reporter-output>
        </test-method> <!-- close -->
      </class> <!-- com.bookmyshow.tests.SigninWindowTests -->
      <class name="com.bookmyshow.tests.HomePageTests">
        <test-method is-config="true" signature="setup()[pri:0, instance:com.bookmyshow.tests.HomePageTests@21e360a]" started-at="2021-06-29T12:45:20 IST" name="setup" finished-at="2021-06-29T12:45:31 IST" duration-ms="11579" status="PASS">
          <reporter-output>
          </reporter-output>
        </test-method> <!-- setup -->
        <test-method signature="Test_Browser_And_URL_Invoked_Correctly()[pri:0, instance:com.bookmyshow.tests.HomePageTests@21e360a]" started-at="2021-06-29T12:48:23 IST" name="Test_Browser_And_URL_Invoked_Correctly" finished-at="2021-06-29T12:48:23 IST" duration-ms="44" status="PASS">
          <reporter-output>
          </reporter-output>
        </test-method> <!-- Test_Browser_And_URL_Invoked_Correctly -->
        <test-method signature="Test_MainPage_Title_Matches_Correctly()[pri:0, instance:com.bookmyshow.tests.HomePageTests@21e360a]" started-at="2021-06-29T12:48:24 IST" name="Test_MainPage_Title_Matches_Correctly" finished-at="2021-06-29T12:48:24 IST" depends-on-methods="com.bookmyshow.tests.HomePageTests.Test_Browser_And_URL_Invoked_Correctly" duration-ms="134" status="PASS">
          <reporter-output>
          </reporter-output>
        </test-method> <!-- Test_MainPage_Title_Matches_Correctly -->
        <test-method signature="Test_Popup_Is_Ignored()[pri:0, instance:com.bookmyshow.tests.HomePageTests@21e360a]" started-at="2021-06-29T12:48:25 IST" name="Test_Popup_Is_Ignored" finished-at="2021-06-29T12:48:27 IST" depends-on-methods="com.bookmyshow.tests.HomePageTests.Test_MainPage_Title_Matches_Correctly" duration-ms="1305" status="PASS">
          <reporter-output>
          </reporter-output>
        </test-method> <!-- Test_Popup_Is_Ignored -->
        <test-method signature="Test_City_Is_Selected_Correctly()[pri:0, instance:com.bookmyshow.tests.HomePageTests@21e360a]" started-at="2021-06-29T12:48:27 IST" name="Test_City_Is_Selected_Correctly" finished-at="2021-06-29T12:48:28 IST" depends-on-methods="com.bookmyshow.tests.HomePageTests.Test_Popup_Is_Ignored" duration-ms="747" status="PASS">
          <reporter-output>
          </reporter-output>
        </test-method> <!-- Test_City_Is_Selected_Correctly -->
        <test-method signature="Test_Signin_Button_Is_clicked()[pri:0, instance:com.bookmyshow.tests.HomePageTests@21e360a]" started-at="2021-06-29T12:48:29 IST" name="Test_Signin_Button_Is_clicked" finished-at="2021-06-29T12:48:32 IST" depends-on-methods="com.bookmyshow.tests.HomePageTests.Test_City_Is_Selected_Correctly" duration-ms="2827" status="PASS">
          <reporter-output>
          </reporter-output>
        </test-method> <!-- Test_Signin_Button_Is_clicked -->
        <test-method signature="Test_Continue_Via_Google_Button_Is_Clicked()[pri:0, instance:com.bookmyshow.tests.HomePageTests@21e360a]" started-at="2021-06-29T12:48:33 IST" name="Test_Continue_Via_Google_Button_Is_Clicked" finished-at="2021-06-29T12:48:34 IST" depends-on-methods="com.bookmyshow.tests.HomePageTests.Test_Signin_Button_Is_clicked" duration-ms="1025" status="PASS">
          <reporter-output>
          </reporter-output>
        </test-method> <!-- Test_Continue_Via_Google_Button_Is_Clicked -->
        <test-method is-config="true" signature="close()[pri:0, instance:com.bookmyshow.tests.HomePageTests@21e360a]" started-at="2021-06-29T12:48:48 IST" name="close" finished-at="2021-06-29T12:48:48 IST" duration-ms="84" status="PASS">
          <reporter-output>
          </reporter-output>
        </test-method> <!-- close -->
      </class> <!-- com.bookmyshow.tests.HomePageTests -->
      <class name="com.bookmyshow.tests.MoviesPageTests">
        <test-method is-config="true" signature="setup()[pri:0, instance:com.bookmyshow.tests.MoviesPageTests@5ba3f27a]" started-at="2021-06-29T12:45:31 IST" name="setup" finished-at="2021-06-29T12:45:48 IST" duration-ms="16292" status="PASS">
          <reporter-output>
          </reporter-output>
        </test-method> <!-- setup -->
        <test-method is-config="true" signature="prints()[pri:0, instance:com.bookmyshow.tests.MoviesPageTests@5ba3f27a]" started-at="2021-06-29T12:48:38 IST" name="prints" finished-at="2021-06-29T12:48:38 IST" duration-ms="1" status="PASS">
          <reporter-output>
          </reporter-output>
        </test-method> <!-- prints -->
        <test-method signature="Test_Languages_Are_Displayed()[pri:0, instance:com.bookmyshow.tests.MoviesPageTests@5ba3f27a]" started-at="2021-06-29T12:48:38 IST" name="Test_Languages_Are_Displayed" finished-at="2021-06-29T12:48:38 IST" duration-ms="21" status="PASS">
          <reporter-output>
          </reporter-output>
        </test-method> <!-- Test_Languages_Are_Displayed -->
        <test-method signature="Test_Languages_Are_Extracted_And_Stored_In_List()[pri:0, instance:com.bookmyshow.tests.MoviesPageTests@5ba3f27a]" started-at="2021-06-29T12:48:43 IST" name="Test_Languages_Are_Extracted_And_Stored_In_List" finished-at="2021-06-29T12:48:44 IST" duration-ms="1002" status="PASS">
          <reporter-output>
          </reporter-output>
        </test-method> <!-- Test_Languages_Are_Extracted_And_Stored_In_List -->
        <test-method signature="Test_Movies_Are_Displayed()[pri:0, instance:com.bookmyshow.tests.MoviesPageTests@5ba3f27a]" started-at="2021-06-29T12:48:45 IST" name="Test_Movies_Are_Displayed" finished-at="2021-06-29T12:48:45 IST" duration-ms="64" status="PASS">
          <reporter-output>
          </reporter-output>
        </test-method> <!-- Test_Movies_Are_Displayed -->
        <test-method signature="Test_Window_Navigates_To_Movie_Page()[pri:0, instance:com.bookmyshow.tests.MoviesPageTests@5ba3f27a]" started-at="2021-06-29T12:48:47 IST" name="Test_Window_Navigates_To_Movie_Page" finished-at="2021-06-29T12:48:47 IST" duration-ms="15" status="PASS">
          <reporter-output>
          </reporter-output>
        </test-method> <!-- Test_Window_Navigates_To_Movie_Page -->
        <test-method is-config="true" signature="close()[pri:0, instance:com.bookmyshow.tests.MoviesPageTests@5ba3f27a]" started-at="2021-06-29T12:48:48 IST" name="close" finished-at="2021-06-29T12:48:50 IST" duration-ms="1526" status="PASS">
          <reporter-output>
          </reporter-output>
        </test-method> <!-- close -->
      </class> <!-- com.bookmyshow.tests.MoviesPageTests -->
      <class name="com.bookmyshow.tests.SportsPageTests">
        <test-method is-config="true" signature="setup()[pri:0, instance:com.bookmyshow.tests.SportsPageTests@18d87d80]" started-at="2021-06-29T12:46:04 IST" name="setup" finished-at="2021-06-29T12:46:34 IST" duration-ms="29815" status="PASS">
          <reporter-output>
          </reporter-output>
        </test-method> <!-- setup -->
        <test-method is-config="true" signature="prints()[pri:0, instance:com.bookmyshow.tests.SportsPageTests@18d87d80]" started-at="2021-06-29T12:46:34 IST" name="prints" finished-at="2021-06-29T12:46:34 IST" duration-ms="2" status="PASS">
          <reporter-output>
          </reporter-output>
        </test-method> <!-- prints -->
        <test-method signature="Test_PriceRange_Is_clicked()[pri:0, instance:com.bookmyshow.tests.SportsPageTests@18d87d80]" started-at="2021-06-29T12:46:35 IST" name="Test_PriceRange_Is_clicked" finished-at="2021-06-29T12:46:35 IST" duration-ms="822" status="PASS">
          <reporter-output>
          </reporter-output>
        </test-method> <!-- Test_PriceRange_Is_clicked -->
        <test-method signature="Test_Minimum_Is_clicked()[pri:0, instance:com.bookmyshow.tests.SportsPageTests@18d87d80]" started-at="2021-06-29T12:46:37 IST" name="Test_Minimum_Is_clicked" finished-at="2021-06-29T12:46:38 IST" depends-on-methods="com.bookmyshow.tests.SportsPageTests.Test_PriceRange_Is_clicked" duration-ms="1034" status="PASS">
          <reporter-output>
          </reporter-output>
        </test-method> <!-- Test_Minimum_Is_clicked -->
        <test-method signature="Test_Sports_Availabe_Are_Displayed_After_Selecting_MinimumRange()[pri:0, instance:com.bookmyshow.tests.SportsPageTests@18d87d80]" started-at="2021-06-29T12:46:40 IST" name="Test_Sports_Availabe_Are_Displayed_After_Selecting_MinimumRange" finished-at="2021-06-29T12:46:50 IST" depends-on-methods="com.bookmyshow.tests.SportsPageTests.Test_Minimum_Is_clicked" duration-ms="10261" status="PASS">
          <reporter-output>
          </reporter-output>
        </test-method> <!-- Test_Sports_Availabe_Are_Displayed_After_Selecting_MinimumRange -->
        <test-method signature="Test_Sports_Available_Are_Displayed()[pri:0, instance:com.bookmyshow.tests.SportsPageTests@18d87d80]" started-at="2021-06-29T12:46:51 IST" name="Test_Sports_Available_Are_Displayed" finished-at="2021-06-29T12:47:01 IST" duration-ms="10079" status="PASS">
          <reporter-output>
          </reporter-output>
        </test-method> <!-- Test_Sports_Available_Are_Displayed -->
        <test-method signature="Test_Sports_Is_Clicked()[pri:0, instance:com.bookmyshow.tests.SportsPageTests@18d87d80]" started-at="2021-06-29T12:47:02 IST" name="Test_Sports_Is_Clicked" finished-at="2021-06-29T12:47:02 IST" duration-ms="45" status="PASS">
          <reporter-output>
          </reporter-output>
        </test-method> <!-- Test_Sports_Is_Clicked -->
        <test-method signature="Test_Weekend_Is_clicked()[pri:0, instance:com.bookmyshow.tests.SportsPageTests@18d87d80]" started-at="2021-06-29T12:47:03 IST" name="Test_Weekend_Is_clicked" finished-at="2021-06-29T12:47:03 IST" duration-ms="283" status="PASS">
          <reporter-output>
          </reporter-output>
        </test-method> <!-- Test_Weekend_Is_clicked -->
        <test-method signature="Test_Sports_Availabe_Are_Displayed_After_Selecting_Weekend()[pri:0, instance:com.bookmyshow.tests.SportsPageTests@18d87d80]" started-at="2021-06-29T12:47:04 IST" name="Test_Sports_Availabe_Are_Displayed_After_Selecting_Weekend" finished-at="2021-06-29T12:47:14 IST" depends-on-methods="com.bookmyshow.tests.SportsPageTests.Test_Weekend_Is_clicked" duration-ms="10037" status="PASS">
          <reporter-output>
          </reporter-output>
        </test-method> <!-- Test_Sports_Availabe_Are_Displayed_After_Selecting_Weekend -->
        <test-method is-config="true" signature="close()[pri:0, instance:com.bookmyshow.tests.SportsPageTests@18d87d80]" started-at="2021-06-29T12:48:51 IST" name="close" finished-at="2021-06-29T12:48:52 IST" duration-ms="1114" status="PASS">
          <reporter-output>
          </reporter-output>
        </test-method> <!-- close -->
      </class> <!-- com.bookmyshow.tests.SportsPageTests -->
    </test> <!-- Test -->
  </suite> <!-- Suite -->
</testng-results>
