<?xml version="1.0" encoding="UTF-8"?>
<testng-results ignored="0" total="3" passed="3" failed="0" skipped="0">
  <reporter-output>
  </reporter-output>
  <suite started-at="2021-06-25T11:48:27 IST" name="Default suite" finished-at="2021-06-25T11:48:48 IST" duration-ms="21642">
    <groups>
    </groups>
    <test started-at="2021-06-25T11:48:27 IST" name="Default test" finished-at="2021-06-25T11:48:48 IST" duration-ms="21642">
      <class name="com.bookmyshow.tests.TestCases">
        <test-method is-config="true" signature="setup()[pri:0, instance:com.bookmyshow.tests.TestCases@48ae9b55]" started-at="2021-06-25T11:48:27 IST" name="setup" finished-at="2021-06-25T11:48:27 IST" duration-ms="9" status="PASS">
          <reporter-output>
          </reporter-output>
        </test-method> <!-- setup -->
        <test-method signature="Test_Browser_And_URL_Invoked_Correctly()[pri:0, instance:com.bookmyshow.tests.TestCases@48ae9b55]" started-at="2021-06-25T11:48:27 IST" name="Test_Browser_And_URL_Invoked_Correctly" finished-at="2021-06-25T11:48:38 IST" duration-ms="11453" status="PASS">
          <reporter-output>
          </reporter-output>
        </test-method> <!-- Test_Browser_And_URL_Invoked_Correctly -->
        <test-method signature="Test_MainPage_Title_Matches_Correctly()[pri:1, instance:com.bookmyshow.tests.TestCases@48ae9b55]" started-at="2021-06-25T11:48:38 IST" name="Test_MainPage_Title_Matches_Correctly" finished-at="2021-06-25T11:48:41 IST" duration-ms="3061" status="PASS">
          <reporter-output>
          </reporter-output>
        </test-method> <!-- Test_MainPage_Title_Matches_Correctly -->
        <test-method signature="Test_City_Is_Selected_Correctly()[pri:2, instance:com.bookmyshow.tests.TestCases@48ae9b55]" started-at="2021-06-25T11:48:41 IST" name="Test_City_Is_Selected_Correctly" finished-at="2021-06-25T11:48:43 IST" duration-ms="2045" status="PASS">
          <reporter-output>
          </reporter-output>
        </test-method> <!-- Test_City_Is_Selected_Correctly -->
        <test-method is-config="true" signature="exit()[pri:0, instance:com.bookmyshow.tests.TestCases@48ae9b55]" started-at="2021-06-25T11:48:43 IST" name="exit" finished-at="2021-06-25T11:48:48 IST" duration-ms="5009" status="PASS">
          <reporter-output>
          </reporter-output>
        </test-method> <!-- exit -->
      </class> <!-- com.bookmyshow.tests.TestCases -->
    </test> <!-- Default test -->
  </suite> <!-- Default suite -->
</testng-results>
